Build started 31/03/2017 16:02:47.
     1>Project "H:\OOT_2\OOT_2\OOT_2\OOT_2.vcxproj" on node 2 (Build target(s)).
     1>ClCompile:
         C:\Program Files (x86)\Microsoft Visual Studio 11.0\VC\bin\CL.exe /c /I"H:\OOT_2\OOT_2\OOT_2\SQLite3 Wrap" /ISDL2.lib /ISDL2main.lib /ZI /nologo /W3 /WX- /MP /Od /Oy- /D _MBCS /Gm /EHsc /RTC1 /MDd /GS /fp:precise /Zc:wchar_t /Zc:forScope /openmp /Fo"Debug\\" /Fd"Debug\vc110.pdb" /Gd /TP /analyze- /errorReport:prompt main.cpp
         main.cpp
     1>h:\oot_2\oot_2\oot_2\main.cpp(60): warning C4244: 'argument' : conversion from 'time_t' to 'unsigned int', possible loss of data
     1>h:\oot_2\oot_2\oot_2\main.cpp(76): warning C4244: 'initializing' : conversion from 'Uint32' to 'float', possible loss of data
     1>h:\oot_2\oot_2\oot_2\main.cpp(113): warning C4244: '=' : conversion from 'Uint32' to 'float', possible loss of data
     1>h:\oot_2\oot_2\oot_2\main.cpp(134): warning C4244: '=' : conversion from 'Uint32' to 'float', possible loss of data
     1>h:\oot_2\oot_2\oot_2\main.cpp(157): warning C4244: '=' : conversion from 'Uint32' to 'float', possible loss of data
     1>Done Building Project "H:\OOT_2\OOT_2\OOT_2\OOT_2.vcxproj" (Build target(s)) -- FAILED.

Build FAILED.

Time Elapsed 00:00:06.54
